<?xml version="1.0" encoding="UTF-8" ?>
<testsuite tests="2" failures="2" name="com.tmsandbox.runner.TestRunner" time="0.656" errors="0" skipped="0">
  <properties>
    <property name="java.runtime.name" value="OpenJDK Runtime Environment"/>
    <property name="java.vm.version" value="14.0.2+12-46"/>
    <property name="sun.boot.library.path" value="C:\Users\Diksha Salwe\.p2\pool\plugins\org.eclipse.justj.openjdk.hotspot.jre.full.win32.x86_64_14.0.2.v20200815-0932\jre\bin"/>
    <property name="maven.multiModuleProjectDirectory" value="D:\Study Folder\Java_Workspace\TradeMeSandboxUIAutomation"/>
    <property name="java.vm.vendor" value="Oracle Corporation"/>
    <property name="java.vendor.url" value="https://java.oracle.com/"/>
    <property name="guice.disable.misplaced.annotation.check" value="true"/>
    <property name="path.separator" value=";"/>
    <property name="java.vm.name" value="OpenJDK 64-Bit Server VM"/>
    <property name="sun.os.patch.level" value=""/>
    <property name="user.script" value=""/>
    <property name="user.country" value="IN"/>
    <property name="sun.java.launcher" value="SUN_STANDARD"/>
    <property name="java.vm.specification.name" value="Java Virtual Machine Specification"/>
    <property name="user.dir" value="D:\Study Folder\Java_Workspace\TradeMeSandboxUIAutomation"/>
    <property name="java.vm.compressedOopsMode" value="32-bit"/>
    <property name="java.runtime.version" value="14.0.2+12-46"/>
    <property name="os.arch" value="amd64"/>
    <property name="java.io.tmpdir" value="C:\Users\DIKSHA~1\AppData\Local\Temp\"/>
    <property name="line.separator" value="
"/>
    <property name="java.vm.specification.vendor" value="Oracle Corporation"/>
    <property name="user.variant" value=""/>
    <property name="os.name" value="Windows 10"/>
    <property name="classworlds.conf" value="D:\Study Folder\Java_Workspace\.metadata\.plugins\org.eclipse.m2e.launching\launches\m2conf11052040634691449225.tmp"/>
    <property name="sun.jnu.encoding" value="Cp1252"/>
    <property name="java.library.path" value="C:\Users\Diksha Salwe\.p2\pool\plugins\org.eclipse.justj.openjdk.hotspot.jre.full.win32.x86_64_14.0.2.v20200815-0932\jre\bin;C:\WINDOWS\Sun\Java\bin;C:\WINDOWS\system32;C:\WINDOWS;C:/Users/Diksha Salwe/.p2/pool/plugins/org.eclipse.justj.openjdk.hotspot.jre.full.win32.x86_64_14.0.2.v20200815-0932/jre/bin/server;C:/Users/Diksha Salwe/.p2/pool/plugins/org.eclipse.justj.openjdk.hotspot.jre.full.win32.x86_64_14.0.2.v20200815-0932/jre/bin;C:\Python39\Scripts\;C:\Python39\;C:\Program Files\Python37\Scripts\;C:\Program Files\Python37\;C:\MinGW\bin;C:\MinGW\libexec\gcc\x86_64-pc-mingw32\6.3.0;C:\WINDOWS\system32;C:\WINDOWS;C:\WINDOWS\System32\Wbem;C:\WINDOWS\System32\WindowsPowerShell\v1.0\;C:\Program Files (x86)\AMD\ATI.ACE\Core-Static;C:\Program Files\Intel\WiFi\bin\;C:\Program Files\Common Files\Intel\WirelessCommon\;C:\Ruby200-x64\bin;C:\Users\Diksha Salwe\AppData\Local\Microsoft\WindowsApps;C:\FingerprintSensors\ANAXEE-FS88-WW\;C:\FingerprintSensors\Biomatiques\;C:\FingerprintSensors\IMK2120U\;C:\FingerprintSensors\INTEGRA-FS88-INN\;C:\FingerprintSensors\MANTRA-MFS100-MANTRA\;C:\FingerprintSensors\MORPHO-MSO13XX-MORPHO\;C:\FingerprintSensors\Nitgen-HFDU08-BioEnable\;C:\FingerprintSensors\Precision\;C:\FingerprintSensors\Secugen\;C:\FingerprintSensors\Startek-FM220-ACPL\;C:\WINDOWS\system32;C:\WINDOWS;C:\WINDOWS\System32\Wbem;C:\WINDOWS\System32\WindowsPowerShell\v1.0\;C:\Android;C:\Windows\System32;C:\Program Files (x86)\Microsoft SQL Server\100\Tools\Binn\;C:\Program Files\Microsoft SQL Server\100\Tools\Binn\;C:\Program Files\Microsoft SQL Server\100\DTS\Binn\;C:\WINDOWS\System32\OpenSSH\;C:\Users\Diksha Salwe\AppData\Roaming\Microsoft\Windows\Start Menu\Programs\Python 3.7;C:\Program Files\Git\cmd;C:\Program Files (x86)\Microsoft SQL Server\150\DTS\Binn\;C:\Program Files\Azure Data Studio\bin;C:\Program Files\nodejs\;C:\ProgramData\chocolatey\bin;C:\Program Files\PuTTY\;C:\Program Files\Amazon\AWSCLIV2\;C:\Users\Diksha Salwe\AppData\Roaming\npm;C:\apache-maven-3.6.3\bin;C:\Users\Diksha Salwe\AppData\Local\GitHubDesktop\bin;C:\Program Files (x86)\Java\jdk1.8.0_151\bin;C:\Users\Diksha Salwe\eclipse\jee-2020-06\eclipse;;."/>
    <property name="jdk.debug" value="release"/>
    <property name="java.class.version" value="58.0"/>
    <property name="java.specification.name" value="Java Platform API Specification"/>
    <property name="sun.management.compiler" value="HotSpot 64-Bit Tiered Compilers"/>
    <property name="os.version" value="10.0"/>
    <property name="user.home" value="C:\Users\Diksha Salwe"/>
    <property name="user.timezone" value="Pacific/Auckland"/>
    <property name="file.encoding" value="Cp1252"/>
    <property name="java.specification.version" value="14"/>
    <property name="user.name" value="Diksha Salwe"/>
    <property name="java.class.path" value="C:\Users\Diksha Salwe\.p2\pool\plugins\org.eclipse.m2e.maven.runtime_1.16.0.20200610-1735\jars\plexus-classworlds-2.6.0.jar"/>
    <property name="java.vm.specification.version" value="14"/>
    <property name="sun.arch.data.model" value="64"/>
    <property name="sun.java.command" value="org.codehaus.plexus.classworlds.launcher.Launcher -B install"/>
    <property name="java.home" value="C:\Users\Diksha Salwe\.p2\pool\plugins\org.eclipse.justj.openjdk.hotspot.jre.full.win32.x86_64_14.0.2.v20200815-0932\jre"/>
    <property name="user.language" value="en"/>
    <property name="java.specification.vendor" value="Oracle Corporation"/>
    <property name="java.vm.info" value="mixed mode"/>
    <property name="java.version" value="14.0.2"/>
    <property name="java.vendor" value="Oracle Corporation"/>
    <property name="maven.home" value="D:\Study Folder\Java_Workspace\TradeMeSandboxUIAutomation\EMBEDDED"/>
    <property name="file.separator" value="\"/>
    <property name="java.version.date" value="2020-07-14"/>
    <property name="java.vendor.url.bug" value="https://bugreport.java.com/bugreport/"/>
    <property name="sun.io.unicode.encoding" value="UnicodeLittle"/>
    <property name="sun.cpu.endian" value="little"/>
    <property name="sun.cpu.isalist" value="amd64"/>
  </properties>
  <testcase classname="com.tmsandbox.runner.TestRunner" name="runScenario" time="0.63">
    <failure type="java.lang.NullPointerException">java.lang.NullPointerException
	at com.tmsandbox.runner.CommonMethods.get(CommonMethods.java:29)
	at com.tmsandbox.stepDefinations.StepDefination_QueryUsedCar.goToTMSandboxPage(StepDefination_QueryUsedCar.java:34)
	at ✽.I go to &quot;https://www.tmsandbox.co.nz/&quot;(file:///D:/Study%20Folder/Java_Workspace/TradeMeSandboxUIAutomation/src/test/resources/features/Scenario1_QueryUsedCar.feature:6)
</failure>
    <system-out>Configuring TestNG with: org.apache.maven.surefire.testng.conf.TestNG652Configurator@ea1a8d5

Scenario: Query for used car                             # src/test/resources/features/Scenario1_QueryUsedCar.feature:4
WebDriver: null
  Given I go to &quot;https://www.tmsandbox.co.nz/&quot;           # com.tmsandbox.stepDefinations.StepDefination_QueryUsedCar.goToTMSandboxPage(java.lang.String)
      java.lang.NullPointerException
	at com.tmsandbox.runner.CommonMethods.get(CommonMethods.java:29)
	at com.tmsandbox.stepDefinations.StepDefination_QueryUsedCar.goToTMSandboxPage(StepDefination_QueryUsedCar.java:34)
	at âœ½.I go to &quot;https://www.tmsandbox.co.nz/&quot;(file:///D:/Study%20Folder/Java_Workspace/TradeMeSandboxUIAutomation/src/test/resources/features/Scenario1_QueryUsedCar.feature:6)

  When I query for &quot;1998 BMW 328i E46&quot; in searchbox      # com.tmsandbox.stepDefinations.StepDefination_QueryUsedCar.queryForItem(java.lang.String)
  And I click on search button                           # com.tmsandbox.stepDefinations.StepDefination_QueryUsedCar.clickSearchButton()
  Then I verify that &quot;1998 BMW 328i E46&quot; item is present # com.tmsandbox.stepDefinations.StepDefination_QueryUsedCar.verifySearchedItemPresent(java.lang.String)
</system-out>
  </testcase>
  <testcase classname="com.tmsandbox.runner.TestRunner" name="runScenario" time="0.026">
    <failure type="java.lang.NullPointerException">java.lang.NullPointerException
	at com.tmsandbox.runner.CommonMethods.getTitle(CommonMethods.java:37)
	at com.tmsandbox.stepDefinations.StepDefination_QueryUsedCar.checkIfOnSearchResultPage(StepDefination_QueryUsedCar.java:58)
	at ✽.I am on search result page(file:///D:/Study%20Folder/Java_Workspace/TradeMeSandboxUIAutomation/src/test/resources/features/Scenario1_QueryUsedCar.feature:13)
</failure>
    <system-out>
Scenario: Details of used car              # src/test/resources/features/Scenario1_QueryUsedCar.feature:11
WebDriver: null
  Given I am on search result page         # com.tmsandbox.stepDefinations.StepDefination_QueryUsedCar.checkIfOnSearchResultPage()
      java.lang.NullPointerException
	at com.tmsandbox.runner.CommonMethods.getTitle(CommonMethods.java:37)
	at com.tmsandbox.stepDefinations.StepDefination_QueryUsedCar.checkIfOnSearchResultPage(StepDefination_QueryUsedCar.java:58)
	at âœ½.I am on search result page(file:///D:/Study%20Folder/Java_Workspace/TradeMeSandboxUIAutomation/src/test/resources/features/Scenario1_QueryUsedCar.feature:13)

  When I click on &quot;1998 BMW 328i E46&quot; item # com.tmsandbox.stepDefinations.StepDefination_QueryUsedCar.clickOnListItem(java.lang.String)
  Then I verify Number plate               # com.tmsandbox.stepDefinations.StepDefination_QueryUsedCar.verifyNumberPlate()
  And I verify Kilometres                  # com.tmsandbox.stepDefinations.StepDefination_QueryUsedCar.verifyIfKilometresPresent()
  And I verify Body                        # com.tmsandbox.stepDefinations.StepDefination_QueryUsedCar.verifyIfBodyPresent()
  And I verify Seats                       # com.tmsandbox.stepDefinations.StepDefination_QueryUsedCar.verifyIfSeatsPresent()
</system-out>
  </testcase>
</testsuite>