<?xml version="1.0" encoding="UTF-8"?>
<!-- Generated by org.testng.reporters.JUnitReportReporter -->
<testsuite hostname="DESKTOP-DQ8QITO" failures="0" tests="2" name="com.tmsandbox.runner.TestRunner" time="14.670" errors="0" timestamp="2020-11-27T02:06:09 NZDT" skipped="0">
  <testcase classname="com.tmsandbox.runner.TestRunner" name="runScenario" time="6.792"/>
  <system-out/>
  <testcase classname="com.tmsandbox.runner.TestRunner" name="runScenario" time="7.878"/>
  <system-out/>
</testsuite> <!-- com.tmsandbox.runner.TestRunner -->
