<?xml version="1.0" encoding="UTF-8"?>
<!-- Generated by org.testng.reporters.JUnitReportReporter -->
<testsuite hostname="Diksha-PC" failures="0" tests="2" name="com.tmsandbox.runner.TestRunner" time="0.000" errors="0" timestamp="2021-03-03T11:31:53 NZDT" skipped="2">
  <testcase classname="com.tmsandbox.runner.TestRunner" name="runScenario" time="0.000">
    <skipped/>
  </testcase> <!-- runScenario -->
  <system-out/>
  <testcase classname="com.tmsandbox.runner.TestRunner" name="runScenario" time="0.000">
    <skipped/>
  </testcase> <!-- runScenario -->
  <system-out/>
</testsuite> <!-- com.tmsandbox.runner.TestRunner -->
