<?xml version="1.0" encoding="UTF-8"?>
<!-- Generated by org.testng.reporters.JUnitReportReporter -->
<testsuite hostname="Diksha-PC" failures="0" tests="1" name="com.tmsandbox.runner.TestRunner" time="19.871" errors="0" timestamp="2021-03-03T12:55:23 NZDT" skipped="0">
  <testcase classname="com.tmsandbox.runner.TestRunner" name="runScenario" time="19.871"/>
  <system-out/>
</testsuite> <!-- com.tmsandbox.runner.TestRunner -->
