<?xml version="1.0" encoding="UTF-8"?>
<!-- Generated by org.testng.reporters.JUnitReportReporter -->
<testsuite hostname="Diksha-PC" failures="0" tests="2" name="com.tmsandbox.runner.TestRunner" time="0.653" errors="2" timestamp="2021-03-02T15:47:00 NZDT" skipped="0">
  <testcase classname="com.tmsandbox.runner.TestRunner" name="runScenario" time="0.620">
    <error type="java.lang.NullPointerException">
      <![CDATA[java.lang.NullPointerException
at com.tmsandbox.runner.CommonMethods.get(CommonMethods.java:29)
at com.tmsandbox.stepDefinations.StepDefination_QueryUsedCar.goToTMSandboxPage(StepDefination_QueryUsedCar.java:34)
at ✽.I go to "https://www.tmsandbox.co.nz/"(file:///D:/Study%20Folder/Java_Workspace/TradeMeSandboxUIAutomation/src/test/resources/features/Scenario1_QueryUsedCar.feature:6)
]]>
    </error>
  </testcase> <!-- runScenario -->
  <system-out/>
  <testcase classname="com.tmsandbox.runner.TestRunner" name="runScenario" time="0.033">
    <error type="java.lang.NullPointerException">
      <![CDATA[java.lang.NullPointerException
at com.tmsandbox.runner.CommonMethods.getTitle(CommonMethods.java:37)
at com.tmsandbox.stepDefinations.StepDefination_QueryUsedCar.checkIfOnSearchResultPage(StepDefination_QueryUsedCar.java:58)
at ✽.I am on search result page(file:///D:/Study%20Folder/Java_Workspace/TradeMeSandboxUIAutomation/src/test/resources/features/Scenario1_QueryUsedCar.feature:13)
]]>
    </error>
  </testcase> <!-- runScenario -->
  <system-out/>
</testsuite> <!-- com.tmsandbox.runner.TestRunner -->
